dbt-fusion 2.0.0-beta.66
warning: dbt1005: No profile specified in dbt_project.yml
   Loading profiles.yml
  Fetching packages.yml
Installing packages
Installing fivetran_utils: 0.4.10
Installing dbt_utils: 1.3.0
Installing spark_utils: 0.3.0
   Loading dbt_project.yml
   Loading dbt_packages/dbt_utils/dbt_project.yml
   Loading dbt_packages/fivetran_utils/dbt_project.yml
   Loading dbt_packages/spark_utils/dbt_project.yml
   Loading dbt_internal_packages/dbt-adapters/dbt_project.yml
   Loading dbt_internal_packages/dbt-postgres/dbt_project.yml
error: dbt1060: Ignored unexpected key `"loaded_at_field"`. YAML path: `loaded_at_field`.
  --> ../fivetran_dbt_sage_intacct_source/models/src_sage_intacct.yml:8:5
error: dbt1060: Ignored unexpected key `"freshness"`. YAML path: `freshness`.
  --> ../fivetran_dbt_sage_intacct_source/models/src_sage_intacct.yml:9:5
error: dbt1060: Ignored unexpected key `"loaded_at_field"`. YAML path: `loaded_at_field`.
  --> ../fivetran_dbt_sage_intacct_source/models/src_sage_intacct.yml:8:5
error: dbt1060: Ignored unexpected key `"freshness"`. YAML path: `freshness`.
  --> ../fivetran_dbt_sage_intacct_source/models/src_sage_intacct.yml:9:5
error: dbt1060: Ignored unexpected key `"loaded_at_field"`. YAML path: `loaded_at_field`.
  --> ../fivetran_dbt_sage_intacct_source/models/src_sage_intacct.yml:8:5
error: dbt1060: Ignored unexpected key `"freshness"`. YAML path: `freshness`.
  --> ../fivetran_dbt_sage_intacct_source/models/src_sage_intacct.yml:9:5
error: dbt1060: Ignored unexpected key `"loaded_at_field"`. YAML path: `loaded_at_field`.
  --> ../fivetran_dbt_sage_intacct_source/models/src_sage_intacct.yml:8:5
error: dbt1060: Ignored unexpected key `"freshness"`. YAML path: `freshness`.
  --> ../fivetran_dbt_sage_intacct_source/models/src_sage_intacct.yml:9:5
error: dbt1060: Ignored unexpected key `"loaded_at_field"`. YAML path: `loaded_at_field`.
  --> ../fivetran_dbt_sage_intacct_source/models/src_sage_intacct.yml:8:5
error: dbt1060: Ignored unexpected key `"freshness"`. YAML path: `freshness`.
  --> ../fivetran_dbt_sage_intacct_source/models/src_sage_intacct.yml:9:5
error: dbt1060: Ignored unexpected key `"freshness"`. YAML path: `freshness`.
  --> ../fivetran_dbt_sage_intacct_source/models/src_sage_intacct.yml:98:9
error: dbt1060: Ignored unexpected key `"loaded_at_field"`. YAML path: `loaded_at_field`.
  --> ../fivetran_dbt_sage_intacct_source/models/src_sage_intacct.yml:8:5
error: dbt1060: Ignored unexpected key `"freshness"`. YAML path: `freshness`.
  --> ../fivetran_dbt_sage_intacct_source/models/src_sage_intacct.yml:9:5
error: dbt1060: Ignored unexpected key `"loaded_at_field"`. YAML path: `loaded_at_field`.
  --> ../fivetran_dbt_sage_intacct_source/models/src_sage_intacct.yml:8:5
error: dbt1060: Ignored unexpected key `"freshness"`. YAML path: `freshness`.
  --> ../fivetran_dbt_sage_intacct_source/models/src_sage_intacct.yml:9:5
  Finished 'parse' target 'dev' with 15 errors and 1 warning in 636ms 769us 431ns
